* 2018/6/27 1:42:14    : Init LOG file.
* 2018/6/27 1:42:14    : In main()
* 2018/6/27 1:42:14    : In Alloc_AirlineList()
* 2018/6/27 1:42:14    : In Alloc_OrderListHead()
* 2018/6/27 1:42:14    : Out Alloc_OrderListHead()
* 2018/6/27 1:42:14    : In Alloc_WaitOrderListHead()
* 2018/6/27 1:42:14    : Out Alloc_WaitOrderListHead()
* 2018/6/27 1:42:14    : Out Alloc_AirlineList()
* 2018/6/27 1:42:14    : In AddArilineToList()
* 2018/6/27 1:42:14    : In Alloc_OrderList()
* 2018/6/27 1:42:14    : Out Alloc_OrderList()
* 2018/6/27 1:42:14    : In AddOrderList()
* 2018/6/27 1:42:14    : Out AddOrderList():pNewOrderList == NULL
* 2018/6/27 1:42:14    : 添加OrderList成功
* 2018/6/27 1:42:14    : In Alloc_WaitOrderList()
* 2018/6/27 1:42:14    : Out Alloc_WaitOrderList()
* 2018/6/27 1:42:14    : In AddWaitOrderList()
* 2018/6/27 1:42:14    : Out AddWaitOrderList pNewWaitOrderList = NULL ()
* 2018/6/27 1:42:14    : 添加WaitOrderList成功
* 2018/6/27 1:42:14    : In Alloc_WaitOrderList()
* 2018/6/27 1:42:14    : Out Alloc_WaitOrderList()
* 2018/6/27 1:42:14    : In AddWaitOrderList()
* 2018/6/27 1:42:14    : Out AddWaitOrderList ()
* 2018/6/27 1:42:14    : 添加WaitOrderList成功
* 2018/6/27 1:42:14    : In Alloc_WaitOrderList()
* 2018/6/27 1:42:14    : Out Alloc_WaitOrderList()
* 2018/6/27 1:42:14    : In AddWaitOrderList()
* 2018/6/27 1:42:14    : Out AddWaitOrderList ()
* 2018/6/27 1:42:14    : 添加WaitOrderList成功
* 2018/6/27 1:42:14    : In Alloc_WaitOrderList()
* 2018/6/27 1:42:14    : Out Alloc_WaitOrderList()
* 2018/6/27 1:42:14    : In AddWaitOrderList()
* 2018/6/27 1:42:14    : Out AddWaitOrderList ()
* 2018/6/27 1:42:14    : 添加WaitOrderList成功
* 2018/6/27 1:42:14    : In Alloc_WaitOrderList()
* 2018/6/27 1:42:14    : Out Alloc_WaitOrderList()
* 2018/6/27 1:42:14    : In AddWaitOrderList()
* 2018/6/27 1:42:14    : Out AddWaitOrderList ()
* 2018/6/27 1:42:14    : 添加WaitOrderList成功
* 2018/6/27 1:42:14    : In Alloc_AirlineList()
* 2018/6/27 1:42:14    : In Alloc_OrderListHead()
* 2018/6/27 1:42:14    : Out Alloc_OrderListHead()
* 2018/6/27 1:42:14    : In Alloc_WaitOrderListHead()
* 2018/6/27 1:42:14    : Out Alloc_WaitOrderListHead()
* 2018/6/27 1:42:14    : Out Alloc_AirlineList()
* 2018/6/27 1:42:14    : In AddArilineToList()
* 2018/6/27 1:42:14    : Out AddArilineToList()
* 2018/6/27 1:42:14    : In Alloc_OrderList()
* 2018/6/27 1:42:14    : Out Alloc_OrderList()
* 2018/6/27 1:42:14    : In AddOrderList()
* 2018/6/27 1:42:14    : Out AddOrderList():pNewOrderList == NULL
* 2018/6/27 1:42:14    : 添加OrderList成功
* 2018/6/27 1:42:14    : In Alloc_OrderList()
* 2018/6/27 1:42:14    : Out Alloc_OrderList()
* 2018/6/27 1:42:14    : In AddOrderList()
* 2018/6/27 1:42:14    : Out AddOrderList()
* 2018/6/27 1:42:14    : 添加OrderList成功
* 2018/6/27 1:42:14    : In Alloc_WaitOrderList()
* 2018/6/27 1:42:14    : Out Alloc_WaitOrderList()
* 2018/6/27 1:42:14    : In AddWaitOrderList()
* 2018/6/27 1:42:14    : Out AddWaitOrderList pNewWaitOrderList = NULL ()
* 2018/6/27 1:42:14    : 添加WaitOrderList成功
* 2018/6/27 1:42:14    : In Alloc_WaitOrderList()
* 2018/6/27 1:42:14    : Out Alloc_WaitOrderList()
* 2018/6/27 1:42:14    : In AddWaitOrderList()
* 2018/6/27 1:42:14    : Out AddWaitOrderList ()
* 2018/6/27 1:42:14    : 添加WaitOrderList成功
* 2018/6/27 1:42:14    : In Alloc_AirlineList()
* 2018/6/27 1:42:14    : In Alloc_OrderListHead()
* 2018/6/27 1:42:14    : Out Alloc_OrderListHead()
* 2018/6/27 1:42:14    : In Alloc_WaitOrderListHead()
* 2018/6/27 1:42:14    : Out Alloc_WaitOrderListHead()
* 2018/6/27 1:42:14    : Out Alloc_AirlineList()
* 2018/6/27 1:42:14    : In AddArilineToList()
* 2018/6/27 1:42:14    : Out AddArilineToList()
* 2018/6/27 1:42:14    : In Alloc_OrderList()
* 2018/6/27 1:42:14    : Out Alloc_OrderList()
* 2018/6/27 1:42:14    : In AddOrderList()
* 2018/6/27 1:42:14    : Out AddOrderList():pNewOrderList == NULL
* 2018/6/27 1:42:14    : 添加OrderList成功
* 2018/6/27 1:42:14    : In Alloc_OrderList()
* 2018/6/27 1:42:14    : Out Alloc_OrderList()
* 2018/6/27 1:42:14    : In AddOrderList()
* 2018/6/27 1:42:14    : Out AddOrderList()
* 2018/6/27 1:42:14    : 添加OrderList成功
* 2018/6/27 1:42:14    : In Alloc_AirlineList()
* 2018/6/27 1:42:14    : In Alloc_OrderListHead()
* 2018/6/27 1:42:14    : Out Alloc_OrderListHead()
* 2018/6/27 1:42:14    : In Alloc_WaitOrderListHead()
* 2018/6/27 1:42:14    : Out Alloc_WaitOrderListHead()
* 2018/6/27 1:42:14    : Out Alloc_AirlineList()
* 2018/6/27 1:42:14    : In AddArilineToList()
* 2018/6/27 1:42:14    : Out AddArilineToList()
* 2018/6/27 1:42:14    : In Alloc_AirlineList()
* 2018/6/27 1:42:14    : In Alloc_OrderListHead()
* 2018/6/27 1:42:14    : Out Alloc_OrderListHead()
* 2018/6/27 1:42:14    : In Alloc_WaitOrderListHead()
* 2018/6/27 1:42:14    : Out Alloc_WaitOrderListHead()
* 2018/6/27 1:42:14    : Out Alloc_AirlineList()
* 2018/6/27 1:42:14    : In AddArilineToList()
* 2018/6/27 1:42:14    : Out AddArilineToList()
* 2018/6/27 1:42:14    : In Alloc_AirlineList()
* 2018/6/27 1:42:14    : In Alloc_OrderListHead()
* 2018/6/27 1:42:14    : Out Alloc_OrderListHead()
* 2018/6/27 1:42:14    : In Alloc_WaitOrderListHead()
* 2018/6/27 1:42:14    : Out Alloc_WaitOrderListHead()
* 2018/6/27 1:42:14    : Out Alloc_AirlineList()
* 2018/6/27 1:42:14    : In AddArilineToList()
* 2018/6/27 1:42:14    : Out AddArilineToList()
* 2018/6/27 1:42:14    : In Alloc_AirlineList()
* 2018/6/27 1:42:14    : In Alloc_OrderListHead()
* 2018/6/27 1:42:14    : Out Alloc_OrderListHead()
* 2018/6/27 1:42:14    : In Alloc_WaitOrderListHead()
* 2018/6/27 1:42:14    : Out Alloc_WaitOrderListHead()
* 2018/6/27 1:42:14    : Out Alloc_AirlineList()
* 2018/6/27 1:42:14    : In AddArilineToList()
* 2018/6/27 1:42:14    : Out AddArilineToList()
* 2018/6/27 1:42:14    : In Alloc_OrderList()
* 2018/6/27 1:42:14    : Out Alloc_OrderList()
* 2018/6/27 1:42:14    : In AddOrderList()
* 2018/6/27 1:42:14    : Out AddOrderList():pNewOrderList == NULL
* 2018/6/27 1:42:14    : 添加OrderList成功
* 2018/6/27 1:42:14    : In Alloc_OrderList()
* 2018/6/27 1:42:14    : Out Alloc_OrderList()
* 2018/6/27 1:42:14    : In AddOrderList()
* 2018/6/27 1:42:14    : Out AddOrderList()
* 2018/6/27 1:42:14    : 添加OrderList成功
* 2018/6/27 1:42:14    : In Alloc_WaitOrderList()
* 2018/6/27 1:42:14    : Out Alloc_WaitOrderList()
* 2018/6/27 1:42:14    : In AddWaitOrderList()
* 2018/6/27 1:42:14    : Out AddWaitOrderList pNewWaitOrderList = NULL ()
* 2018/6/27 1:42:14    : 添加WaitOrderList成功
* 2018/6/27 1:42:14    : In Alloc_WaitOrderList()
* 2018/6/27 1:42:14    : Out Alloc_WaitOrderList()
* 2018/6/27 1:42:14    : In AddWaitOrderList()
* 2018/6/27 1:42:14    : Out AddWaitOrderList ()
* 2018/6/27 1:42:14    : 添加WaitOrderList成功
* 2018/6/27 1:42:14    : In Alloc_AirlineList()
* 2018/6/27 1:42:14    : In Alloc_OrderListHead()
* 2018/6/27 1:42:14    : Out Alloc_OrderListHead()
* 2018/6/27 1:42:14    : In Alloc_WaitOrderListHead()
* 2018/6/27 1:42:14    : Out Alloc_WaitOrderListHead()
* 2018/6/27 1:42:14    : Out Alloc_AirlineList()
* 2018/6/27 1:42:14    : In AddArilineToList()
* 2018/6/27 1:42:14    : Out AddArilineToList()
* 2018/6/27 1:42:14    : In OutputInfo()
* 2018/6/27 1:42:14    : Out OutputInfo()
* 2018/6/27 1:42:16    : In StoryRecordToFile()
* 2018/6/27 1:42:16    : StoryRecordToFile ok
* 2018/6/27 1:42:16    : Out main()
* 2018/6/27 1:42:16    : LOG File close.
